<?xml version="1.0" encoding="UTF-8"?>
<coverage generated="1621535520284" clover="3.2.0">
  <project timestamp="1621535520284" name="All files">
    <metrics statements="16" coveredstatements="14" conditionals="12" coveredconditionals="11" methods="2" coveredmethods="2" elements="30" coveredelements="27" complexity="0" loc="16" ncloc="16" packages="1" files="1" classes="1"/>
    <file name="index.js" path="C:\Users\amran.uddin\Desktop\AdaTest\sec\Test-assignment2-team8\index.js">
      <metrics statements="16" coveredstatements="14" conditionals="12" coveredconditionals="11" methods="2" coveredmethods="2"/>
      <line num="2" count="8" type="cond" truecount="2" falsecount="0"/>
      <line num="3" count="1" type="stmt"/>
      <line num="5" count="7" type="cond" truecount="2" falsecount="0"/>
      <line num="6" count="1" type="stmt"/>
      <line num="8" count="6" type="stmt"/>
      <line num="9" count="6" type="stmt"/>
      <line num="12" count="8" type="cond" truecount="2" falsecount="0"/>
      <line num="13" count="1" type="stmt"/>
      <line num="15" count="7" type="cond" truecount="2" falsecount="0"/>
      <line num="16" count="1" type="stmt"/>
      <line num="18" count="6" type="stmt"/>
      <line num="19" count="6" type="stmt"/>
      <line num="21" count="1" type="cond" truecount="3" falsecount="1"/>
      <line num="22" count="1" type="stmt"/>
      <line num="25" count="0" type="stmt"/>
      <line num="26" count="0" type="stmt"/>
    </file>
  </project>
</coverage>
